{"contracts/WineHouse.sol":{"l":{"11":18,"36":32,"37":29,"41":12,"42":11,"46":5,"47":4,"51":4,"52":3,"56":11,"57":10,"61":1,"65":3,"69":1,"73":1,"77":2,"97":16,"98":16,"99":16,"101":16,"103":16,"112":1,"120":12,"121":12,"122":12,"123":12,"124":12,"126":12,"128":12,"132":4,"136":1,"138":1,"140":1,"158":10,"160":10,"164":10,"165":10,"166":10,"167":10,"168":10,"169":10,"171":10,"173":10,"174":10,"175":10,"176":10,"177":10,"179":10,"181":10,"187":3,"188":3,"190":3,"192":3,"193":3,"194":3,"195":3,"196":3,"197":3,"201":3,"202":3,"203":3,"205":3,"206":3,"208":3,"221":2},"path":"/home/android-m8d8y15/WINE-HOUSE/solidity/contracts/WineHouse.sol","s":{"1":18,"2":32,"3":12,"4":5,"5":4,"6":11,"7":1,"8":3,"9":1,"10":1,"11":2,"12":16,"13":16,"14":16,"15":16,"16":16,"17":1,"18":12,"19":12,"20":12,"21":12,"22":12,"23":12,"24":12,"25":4,"26":1,"27":1,"28":1,"29":10,"30":10,"31":10,"32":10,"33":10,"34":10,"35":10,"36":10,"37":10,"38":10,"39":10,"40":10,"41":10,"42":10,"43":3,"44":3,"45":3,"46":3,"47":3,"48":3,"49":3,"50":3,"51":3,"52":3,"53":3,"54":3,"55":2},"b":{"1":[29,3],"2":[11,1],"3":[4,1],"4":[3,1],"5":[10,1],"6":[10,0],"7":[3,0],"8":[3,0]},"f":{"1":18,"2":32,"3":12,"4":5,"5":4,"6":11,"7":1,"8":3,"9":1,"10":1,"11":2,"12":16,"13":1,"14":12,"15":4,"16":1,"17":10,"18":3,"19":2},"fnMap":{"1":{"name":null,"line":10,"loc":{"start":{"line":10,"column":4},"end":{"line":10,"column":22}}},"2":{"name":"onlyMaster","line":35,"loc":{"start":{"line":35,"column":4},"end":{"line":35,"column":23}}},"3":{"name":"onlyTrustedPartner","line":40,"loc":{"start":{"line":40,"column":4},"end":{"line":40,"column":31}}},"4":{"name":"onlyAssetOwner","line":45,"loc":{"start":{"line":45,"column":4},"end":{"line":45,"column":52}}},"5":{"name":"onlyVerified","line":50,"loc":{"start":{"line":50,"column":4},"end":{"line":50,"column":25}}},"6":{"name":"wineShouldNotExist","line":55,"loc":{"start":{"line":55,"column":4},"end":{"line":55,"column":56}}},"7":{"name":"getWineCount","line":60,"loc":{"start":{"line":60,"column":4},"end":{"line":60,"column":58}}},"8":{"name":"getOwnedWineCountOf","line":64,"loc":{"start":{"line":64,"column":4},"end":{"line":64,"column":77}}},"9":{"name":"getWineIdentifierAt","line":68,"loc":{"start":{"line":68,"column":4},"end":{"line":68,"column":93}}},"10":{"name":"getOwnerHistoryAt","line":72,"loc":{"start":{"line":72,"column":4},"end":{"line":72,"column":98}}},"11":{"name":"getOwnerHistoryCountOf","line":76,"loc":{"start":{"line":76,"column":4},"end":{"line":76,"column":93}}},"12":{"name":"registerWineOwner","line":88,"loc":{"start":{"line":88,"column":4},"end":{"line":95,"column":11}}},"13":{"name":"getWineOwner","line":111,"loc":{"start":{"line":111,"column":4},"end":{"line":111,"column":90}}},"14":{"name":"addTrustedPartner","line":119,"loc":{"start":{"line":119,"column":4},"end":{"line":119,"column":134}}},"15":{"name":"getTrustedPartner","line":131,"loc":{"start":{"line":131,"column":4},"end":{"line":131,"column":82}}},"16":{"name":"removeTrustedPartner","line":135,"loc":{"start":{"line":135,"column":4},"end":{"line":135,"column":91}}},"17":{"name":"createWine","line":143,"loc":{"start":{"line":143,"column":4},"end":{"line":156,"column":11}}},"18":{"name":"transferWine","line":184,"loc":{"start":{"line":184,"column":4},"end":{"line":185,"column":65}}},"19":{"name":"retrieveWineData","line":211,"loc":{"start":{"line":211,"column":4},"end":{"line":220,"column":11}}}},"statementMap":{"1":{"start":{"line":11,"column":8},"end":{"line":11,"column":25}},"2":{"start":{"line":36,"column":8},"end":{"line":36,"column":35}},"3":{"start":{"line":41,"column":8},"end":{"line":41,"column":51}},"4":{"start":{"line":46,"column":8},"end":{"line":46,"column":71}},"5":{"start":{"line":51,"column":8},"end":{"line":51,"column":57}},"6":{"start":{"line":56,"column":8},"end":{"line":56,"column":58}},"7":{"start":{"line":61,"column":8},"end":{"line":61,"column":33}},"8":{"start":{"line":65,"column":8},"end":{"line":65,"column":55}},"9":{"start":{"line":69,"column":8},"end":{"line":69,"column":56}},"10":{"start":{"line":73,"column":8},"end":{"line":73,"column":60}},"11":{"start":{"line":77,"column":8},"end":{"line":77,"column":59}},"12":{"start":{"line":97,"column":8},"end":{"line":97,"column":45}},"13":{"start":{"line":98,"column":8},"end":{"line":98,"column":50}},"14":{"start":{"line":99,"column":8},"end":{"line":99,"column":67}},"15":{"start":{"line":101,"column":8},"end":{"line":101,"column":47}},"16":{"start":{"line":103,"column":8},"end":{"line":103,"column":2996}},"17":{"start":{"line":112,"column":8},"end":{"line":112,"column":3249}},"18":{"start":{"line":120,"column":8},"end":{"line":120,"column":46}},"19":{"start":{"line":121,"column":8},"end":{"line":121,"column":47}},"20":{"start":{"line":122,"column":8},"end":{"line":122,"column":52}},"21":{"start":{"line":123,"column":8},"end":{"line":123,"column":69}},"22":{"start":{"line":124,"column":8},"end":{"line":124,"column":66}},"23":{"start":{"line":126,"column":8},"end":{"line":126,"column":54}},"24":{"start":{"line":128,"column":8},"end":{"line":128,"column":66}},"25":{"start":{"line":132,"column":8},"end":{"line":132,"column":52}},"26":{"start":{"line":136,"column":8},"end":{"line":136,"column":40}},"27":{"start":{"line":138,"column":8},"end":{"line":138,"column":44}},"28":{"start":{"line":140,"column":8},"end":{"line":140,"column":52}},"29":{"start":{"line":158,"column":8},"end":{"line":158,"column":146}},"30":{"start":{"line":160,"column":8},"end":{"line":160,"column":4955}},"31":{"start":{"line":164,"column":8},"end":{"line":164,"column":44}},"32":{"start":{"line":165,"column":8},"end":{"line":165,"column":50}},"33":{"start":{"line":166,"column":8},"end":{"line":166,"column":46}},"34":{"start":{"line":167,"column":8},"end":{"line":167,"column":56}},"35":{"start":{"line":168,"column":8},"end":{"line":168,"column":54}},"36":{"start":{"line":169,"column":8},"end":{"line":169,"column":48}},"37":{"start":{"line":171,"column":8},"end":{"line":171,"column":57}},"38":{"start":{"line":173,"column":8},"end":{"line":173,"column":47}},"39":{"start":{"line":174,"column":8},"end":{"line":174,"column":58}},"40":{"start":{"line":176,"column":8},"end":{"line":176,"column":61}},"41":{"start":{"line":179,"column":8},"end":{"line":179,"column":39}},"42":{"start":{"line":181,"column":8},"end":{"line":181,"column":93}},"43":{"start":{"line":188,"column":8},"end":{"line":188,"column":89}},"44":{"start":{"line":190,"column":8},"end":{"line":190,"column":50}},"45":{"start":{"line":192,"column":8},"end":{"line":192,"column":63}},"46":{"start":{"line":193,"column":8},"end":{"line":193,"column":21}},"47":{"start":{"line":194,"column":8},"end":{"line":194,"column":6420}},"48":{"start":{"line":195,"column":12},"end":{"line":195,"column":46}},"49":{"start":{"line":196,"column":12},"end":{"line":196,"column":6540}},"50":{"start":{"line":201,"column":8},"end":{"line":201,"column":85}},"51":{"start":{"line":202,"column":8},"end":{"line":202,"column":61}},"52":{"start":{"line":203,"column":8},"end":{"line":203,"column":71}},"53":{"start":{"line":206,"column":8},"end":{"line":206,"column":54}},"54":{"start":{"line":208,"column":8},"end":{"line":208,"column":49}},"55":{"start":{"line":221,"column":8},"end":{"line":221,"column":7391}}},"branchMap":{"1":{"line":36,"type":"if","locations":[{"start":{"line":36,"column":8},"end":{"line":36,"column":8}},{"start":{"line":36,"column":8},"end":{"line":36,"column":8}}]},"2":{"line":41,"type":"if","locations":[{"start":{"line":41,"column":8},"end":{"line":41,"column":8}},{"start":{"line":41,"column":8},"end":{"line":41,"column":8}}]},"3":{"line":46,"type":"if","locations":[{"start":{"line":46,"column":8},"end":{"line":46,"column":8}},{"start":{"line":46,"column":8},"end":{"line":46,"column":8}}]},"4":{"line":51,"type":"if","locations":[{"start":{"line":51,"column":8},"end":{"line":51,"column":8}},{"start":{"line":51,"column":8},"end":{"line":51,"column":8}}]},"5":{"line":56,"type":"if","locations":[{"start":{"line":56,"column":8},"end":{"line":56,"column":8}},{"start":{"line":56,"column":8},"end":{"line":56,"column":8}}]},"6":{"line":160,"type":"if","locations":[{"start":{"line":160,"column":8},"end":{"line":160,"column":8}},{"start":{"line":160,"column":8},"end":{"line":160,"column":8}}]},"7":{"line":195,"type":"if","locations":[{"start":{"line":195,"column":12},"end":{"line":195,"column":12}},{"start":{"line":195,"column":12},"end":{"line":195,"column":12}}]},"8":{"line":196,"type":"if","locations":[{"start":{"line":196,"column":12},"end":{"line":196,"column":12}},{"start":{"line":196,"column":12},"end":{"line":196,"column":12}}]}}}}