{"contracts/WineHouse.sol":{"l":{"11":10,"35":18,"36":18,"40":6,"41":6,"45":2,"46":2,"50":6,"51":6,"55":2,"56":2,"60":1,"64":2,"68":1,"72":1,"76":2,"95":10,"96":10,"98":10,"100":10,"109":1,"117":7,"118":7,"119":7,"120":7,"122":7,"124":7,"128":3,"132":1,"134":1,"136":1,"153":6,"154":6,"155":6,"156":6,"157":6,"158":6,"160":6,"162":6,"163":6,"164":6,"165":6,"166":6,"168":6,"170":6,"174":2,"175":2,"177":2,"178":2,"179":2,"180":2,"181":2,"182":2,"186":2,"187":2,"188":2,"190":2,"192":2,"205":2},"path":"/home/android-m8d8y15/WINE-HOUSE/solidity/contracts/WineHouse.sol","s":{"1":10,"2":18,"3":6,"4":2,"5":6,"6":2,"7":1,"8":2,"9":1,"10":1,"11":2,"12":10,"13":10,"14":10,"15":10,"16":1,"17":7,"18":7,"19":7,"20":7,"21":7,"22":7,"23":3,"24":1,"25":1,"26":1,"27":6,"28":6,"29":6,"30":6,"31":6,"32":6,"33":6,"34":6,"35":6,"36":6,"37":6,"38":6,"39":2,"40":2,"41":2,"42":2,"43":2,"44":2,"45":2,"46":2,"47":2,"48":2,"49":2},"b":{"1":[18,0],"2":[6,0],"3":[2,0],"4":[6,0],"5":[2,0],"6":[2,0],"7":[2,0]},"f":{"1":10,"2":18,"3":6,"4":2,"5":6,"6":2,"7":1,"8":2,"9":1,"10":1,"11":2,"12":10,"13":1,"14":7,"15":3,"16":1,"17":6,"18":2,"19":2},"fnMap":{"1":{"name":null,"line":10,"loc":{"start":{"line":10,"column":4},"end":{"line":10,"column":22}}},"2":{"name":"onlyMaster","line":34,"loc":{"start":{"line":34,"column":4},"end":{"line":34,"column":23}}},"3":{"name":"onlyTrustedPartner","line":39,"loc":{"start":{"line":39,"column":4},"end":{"line":39,"column":31}}},"4":{"name":"onlyAssetOwner","line":44,"loc":{"start":{"line":44,"column":4},"end":{"line":44,"column":51}}},"5":{"name":"wineShouldNotExist","line":49,"loc":{"start":{"line":49,"column":4},"end":{"line":49,"column":55}}},"6":{"name":"recipientShouldExist","line":54,"loc":{"start":{"line":54,"column":4},"end":{"line":54,"column":51}}},"7":{"name":"getWineCount","line":59,"loc":{"start":{"line":59,"column":4},"end":{"line":59,"column":58}}},"8":{"name":"getOwnedWineCountOf","line":63,"loc":{"start":{"line":63,"column":4},"end":{"line":63,"column":77}}},"9":{"name":"getWineIdentifierAt","line":67,"loc":{"start":{"line":67,"column":4},"end":{"line":67,"column":92}}},"10":{"name":"getOwnerHistoryAt","line":71,"loc":{"start":{"line":71,"column":4},"end":{"line":71,"column":97}}},"11":{"name":"getOwnerHistoryCountOf","line":75,"loc":{"start":{"line":75,"column":4},"end":{"line":75,"column":92}}},"12":{"name":"registerWineOwner","line":87,"loc":{"start":{"line":87,"column":4},"end":{"line":93,"column":11}}},"13":{"name":"getWineOwner","line":108,"loc":{"start":{"line":108,"column":4},"end":{"line":108,"column":90}}},"14":{"name":"addTrustedPartner","line":116,"loc":{"start":{"line":116,"column":4},"end":{"line":116,"column":109}}},"15":{"name":"getTrustedPartner","line":127,"loc":{"start":{"line":127,"column":4},"end":{"line":127,"column":82}}},"16":{"name":"removeTrustedPartner","line":131,"loc":{"start":{"line":131,"column":4},"end":{"line":131,"column":91}}},"17":{"name":"createWine","line":139,"loc":{"start":{"line":139,"column":4},"end":{"line":152,"column":11}}},"18":{"name":"transferWine","line":173,"loc":{"start":{"line":173,"column":4},"end":{"line":173,"column":129}}},"19":{"name":"retrieveWineData","line":195,"loc":{"start":{"line":195,"column":4},"end":{"line":204,"column":11}}}},"statementMap":{"1":{"start":{"line":11,"column":8},"end":{"line":11,"column":25}},"2":{"start":{"line":35,"column":8},"end":{"line":35,"column":35}},"3":{"start":{"line":40,"column":8},"end":{"line":40,"column":51}},"4":{"start":{"line":45,"column":8},"end":{"line":45,"column":71}},"5":{"start":{"line":50,"column":8},"end":{"line":50,"column":58}},"6":{"start":{"line":55,"column":8},"end":{"line":55,"column":55}},"7":{"start":{"line":60,"column":8},"end":{"line":60,"column":33}},"8":{"start":{"line":64,"column":8},"end":{"line":64,"column":55}},"9":{"start":{"line":68,"column":8},"end":{"line":68,"column":56}},"10":{"start":{"line":72,"column":8},"end":{"line":72,"column":60}},"11":{"start":{"line":76,"column":8},"end":{"line":76,"column":59}},"12":{"start":{"line":95,"column":8},"end":{"line":95,"column":45}},"13":{"start":{"line":96,"column":8},"end":{"line":96,"column":48}},"14":{"start":{"line":98,"column":8},"end":{"line":98,"column":47}},"15":{"start":{"line":100,"column":8},"end":{"line":100,"column":2866}},"16":{"start":{"line":109,"column":8},"end":{"line":109,"column":3117}},"17":{"start":{"line":117,"column":8},"end":{"line":117,"column":46}},"18":{"start":{"line":118,"column":8},"end":{"line":118,"column":47}},"19":{"start":{"line":119,"column":8},"end":{"line":119,"column":50}},"20":{"start":{"line":120,"column":8},"end":{"line":120,"column":48}},"21":{"start":{"line":122,"column":8},"end":{"line":122,"column":54}},"22":{"start":{"line":124,"column":8},"end":{"line":124,"column":66}},"23":{"start":{"line":128,"column":8},"end":{"line":128,"column":52}},"24":{"start":{"line":132,"column":8},"end":{"line":132,"column":40}},"25":{"start":{"line":134,"column":8},"end":{"line":134,"column":44}},"26":{"start":{"line":136,"column":8},"end":{"line":136,"column":52}},"27":{"start":{"line":153,"column":8},"end":{"line":153,"column":44}},"28":{"start":{"line":154,"column":8},"end":{"line":154,"column":50}},"29":{"start":{"line":155,"column":8},"end":{"line":155,"column":46}},"30":{"start":{"line":156,"column":8},"end":{"line":156,"column":56}},"31":{"start":{"line":157,"column":8},"end":{"line":157,"column":54}},"32":{"start":{"line":158,"column":8},"end":{"line":158,"column":48}},"33":{"start":{"line":160,"column":8},"end":{"line":160,"column":57}},"34":{"start":{"line":162,"column":8},"end":{"line":162,"column":47}},"35":{"start":{"line":163,"column":8},"end":{"line":163,"column":58}},"36":{"start":{"line":165,"column":8},"end":{"line":165,"column":61}},"37":{"start":{"line":168,"column":8},"end":{"line":168,"column":39}},"38":{"start":{"line":170,"column":8},"end":{"line":170,"column":93}},"39":{"start":{"line":175,"column":8},"end":{"line":175,"column":50}},"40":{"start":{"line":177,"column":8},"end":{"line":177,"column":63}},"41":{"start":{"line":178,"column":8},"end":{"line":178,"column":21}},"42":{"start":{"line":179,"column":8},"end":{"line":179,"column":5738}},"43":{"start":{"line":180,"column":12},"end":{"line":180,"column":46}},"44":{"start":{"line":181,"column":12},"end":{"line":181,"column":5858}},"45":{"start":{"line":186,"column":8},"end":{"line":186,"column":92}},"46":{"start":{"line":187,"column":8},"end":{"line":187,"column":61}},"47":{"start":{"line":188,"column":8},"end":{"line":188,"column":71}},"48":{"start":{"line":192,"column":8},"end":{"line":192,"column":49}},"49":{"start":{"line":205,"column":8},"end":{"line":205,"column":6658}}},"branchMap":{"1":{"line":35,"type":"if","locations":[{"start":{"line":35,"column":8},"end":{"line":35,"column":8}},{"start":{"line":35,"column":8},"end":{"line":35,"column":8}}]},"2":{"line":40,"type":"if","locations":[{"start":{"line":40,"column":8},"end":{"line":40,"column":8}},{"start":{"line":40,"column":8},"end":{"line":40,"column":8}}]},"3":{"line":45,"type":"if","locations":[{"start":{"line":45,"column":8},"end":{"line":45,"column":8}},{"start":{"line":45,"column":8},"end":{"line":45,"column":8}}]},"4":{"line":50,"type":"if","locations":[{"start":{"line":50,"column":8},"end":{"line":50,"column":8}},{"start":{"line":50,"column":8},"end":{"line":50,"column":8}}]},"5":{"line":55,"type":"if","locations":[{"start":{"line":55,"column":8},"end":{"line":55,"column":8}},{"start":{"line":55,"column":8},"end":{"line":55,"column":8}}]},"6":{"line":180,"type":"if","locations":[{"start":{"line":180,"column":12},"end":{"line":180,"column":12}},{"start":{"line":180,"column":12},"end":{"line":180,"column":12}}]},"7":{"line":181,"type":"if","locations":[{"start":{"line":181,"column":12},"end":{"line":181,"column":12}},{"start":{"line":181,"column":12},"end":{"line":181,"column":12}}]}}}}